<?xml version="1.0" encoding="UTF-8"?>
<testng-results total="1" passed="1" failed="0" skipped="0">
  <reporter-output>
  </reporter-output>
  <suite started-at="2021-06-15T07:30:40Z" name="example.NewTest" finished-at="2021-06-15T07:31:03Z" duration-ms="23013">
    <groups>
    </groups>
    <test started-at="2021-06-15T07:30:40Z" name="Command line test" finished-at="2021-06-15T07:31:03Z" duration-ms="23013">
      <class name="example.NewTest">
        <test-method is-config="true" signature="beforeTest()[pri:0, instance:example.NewTest@5bb21b69]" started-at="2021-06-15T13:00:40Z" name="beforeTest" finished-at="2021-06-15T13:00:50Z" duration-ms="10139" status="PASS">
          <reporter-output>
          </reporter-output>
        </test-method> <!-- beforeTest -->
        <test-method signature="testEasy()[pri:0, instance:example.NewTest@5bb21b69]" started-at="2021-06-15T13:00:50Z" name="testEasy" finished-at="2021-06-15T13:01:00Z" duration-ms="10157" status="PASS">
          <reporter-output>
          </reporter-output>
        </test-method> <!-- testEasy -->
        <test-method is-config="true" signature="afterTest()[pri:0, instance:example.NewTest@5bb21b69]" started-at="2021-06-15T13:01:00Z" name="afterTest" finished-at="2021-06-15T13:01:03Z" duration-ms="2701" status="PASS">
          <reporter-output>
          </reporter-output>
        </test-method> <!-- afterTest -->
      </class> <!-- example.NewTest -->
    </test> <!-- Command line test -->
  </suite> <!-- example.NewTest -->
</testng-results>
