<?xml version="1.0" encoding="UTF-8"?>
<testng-results ignored="0" total="1" passed="1" failed="0" skipped="0">
  <reporter-output>
  </reporter-output>
  <suite started-at="2021-06-14T11:52:32 IST" name="Suite" finished-at="2021-06-14T11:53:14 IST" duration-ms="42007">
    <groups>
    </groups>
    <test started-at="2021-06-14T11:52:32 IST" name="Test" finished-at="2021-06-14T11:53:14 IST" duration-ms="42007">
      <class name="example.NewTest">
        <test-method is-config="true" signature="beforeTest()[pri:0, instance:example.NewTest@385e9564]" started-at="2021-06-14T11:52:32 IST" name="beforeTest" finished-at="2021-06-14T11:53:00 IST" duration-ms="27942" status="PASS">
          <reporter-output>
          </reporter-output>
        </test-method> <!-- beforeTest -->
        <test-method signature="testEasy()[pri:0, instance:example.NewTest@385e9564]" started-at="2021-06-14T11:53:00 IST" name="testEasy" finished-at="2021-06-14T11:53:12 IST" duration-ms="11885" status="PASS">
          <reporter-output>
          </reporter-output>
        </test-method> <!-- testEasy -->
        <test-method is-config="true" signature="afterTest()[pri:0, instance:example.NewTest@385e9564]" started-at="2021-06-14T11:53:12 IST" name="afterTest" finished-at="2021-06-14T11:53:14 IST" duration-ms="2126" status="PASS">
          <reporter-output>
          </reporter-output>
        </test-method> <!-- afterTest -->
      </class> <!-- example.NewTest -->
    </test> <!-- Test -->
  </suite> <!-- Suite -->
</testng-results>
